<?xml version="1.0" encoding="UTF-8"?>
<testsuite name="com.tw.d02_lazyman.LazyManTest" tests="1" skipped="0" failures="0" errors="0" timestamp="2021-11-25T09:56:55" hostname="youzi530deMacBook-Pro.local" time="0.015">
  <properties/>
  <testcase name="when_the_condition_is_multithreaded_many_different_results_are_output()" classname="com.tw.d02_lazyman.LazyManTest" time="0.015"/>
  <system-out><![CDATA[Thread-4-ok
Thread-5-ok
Thread-12-ok
Thread-7-ok
Thread-9-ok
Thread-6-ok
Thread-8-ok
Thread-10-ok
Thread-11-ok
]]></system-out>
  <system-err><![CDATA[]]></system-err>
</testsuite>
