<?xml version="1.0" encoding="UTF-8"?>
<testsuite name="hungry.EnumSingleTest" tests="3" skipped="0" failures="0" errors="0" timestamp="2021-11-14T10:14:37" hostname="Youpengs-MacBook-Pro.local" time="0.022">
  <properties/>
  <testcase name="test1()" classname="hungry.EnumSingleTest" time="0.015"/>
  <testcase name="test2()" classname="hungry.EnumSingleTest" time="0.005"/>
  <testcase name="test3()" classname="hungry.EnumSingleTest" time="0.001"/>
  <system-out><![CDATA[INSTANCE
INSTANCE
]]></system-out>
  <system-err><![CDATA[]]></system-err>
</testsuite>
